<?xml version="1.0" encoding="UTF-8"?>
<!-- Generated by org.testng.reporters.JUnitXMLReporter -->
<testsuite ignored="0" hostname="user1" failures="1" tests="1" name="Default test" time="10.492" errors="0" timestamp="2025-04-11T15:59:53 IST">
  <testcase classname="io.cucumber.testng.AbstractTestNGCucumberTests" name="runScenario" time="7.89">
    <failure type="java.lang.IndexOutOfBoundsException" message="Index: 0">
      <![CDATA[java.lang.IndexOutOfBoundsException: Index: 0
at java.base/java.util.Collections$EmptyList.get(Collections.java:4586)
at stepDefs.LoginPageStepDef.user_enters_credentials(LoginPageStepDef.java:79)
at ✽.User enters credentials(file:///C:/workspace/BDDSamples/./src/test/resources/features/UserLogin.feature:27)
]]>
    </failure>
  </testcase> <!-- runScenario -->
</testsuite> <!-- Default test -->
