<?xml version="1.0" encoding="UTF-8"?>
<!-- Generated by org.testng.reporters.JUnitReportReporter -->
<testsuite hostname="user1" failures="0" tests="1" name="runners.BookSearchRunner" time="7.890" errors="1" timestamp="2025-04-11T15:59:53 IST" skipped="0">
  <testcase classname="runners.BookSearchRunner" name="runScenario" time="7.890">
    <error message="Index: 0" type="java.lang.IndexOutOfBoundsException">
      <![CDATA[java.lang.IndexOutOfBoundsException: Index: 0
at java.base/java.util.Collections$EmptyList.get(Collections.java:4586)
at stepDefs.LoginPageStepDef.user_enters_credentials(LoginPageStepDef.java:79)
at ✽.User enters credentials(file:///C:/workspace/BDDSamples/./src/test/resources/features/UserLogin.feature:27)
]]>
    </error>
  </testcase> <!-- runScenario -->
</testsuite> <!-- runners.BookSearchRunner -->
