<?xml version="1.0" encoding="UTF-8"?>
<testng-results ignored="0" total="2" passed="2" failed="0" skipped="0">
  <reporter-output>
  </reporter-output>
  <suite started-at="2025-04-08T17:39:38 IST" name="Default suite" finished-at="2025-04-08T17:39:40 IST" duration-ms="2280">
    <groups>
    </groups>
    <test started-at="2025-04-08T17:39:38 IST" name="Default test" finished-at="2025-04-08T17:39:40 IST" duration-ms="2280">
      <class name="testScripts.PlaceOrderTest">
        <test-method is-config="true" signature="setup()[pri:0, instance:testScripts.PlaceOrderTest@6cea706c]" started-at="2025-04-08T17:39:38 IST" name="setup" finished-at="2025-04-08T17:39:39 IST" duration-ms="1212" status="PASS">
          <reporter-output>
          </reporter-output>
        </test-method> <!-- setup -->
        <test-method signature="validLoginTest()[pri:1, instance:testScripts.PlaceOrderTest@6cea706c]" started-at="2025-04-08T17:39:39 IST" name="validLoginTest" finished-at="2025-04-08T17:39:39 IST" duration-ms="316" status="PASS">
          <reporter-output>
          </reporter-output>
        </test-method> <!-- validLoginTest -->
        <test-method signature="checkoutItems()[pri:2, instance:testScripts.PlaceOrderTest@6cea706c]" started-at="2025-04-08T17:39:39 IST" name="checkoutItems" finished-at="2025-04-08T17:39:40 IST" duration-ms="685" status="PASS">
          <reporter-output>
          </reporter-output>
        </test-method> <!-- checkoutItems -->
        <test-method is-config="true" signature="tearDown()[pri:0, instance:testScripts.PlaceOrderTest@6cea706c]" started-at="2025-04-08T17:39:40 IST" name="tearDown" finished-at="2025-04-08T17:39:40 IST" duration-ms="1" status="PASS">
          <reporter-output>
          </reporter-output>
        </test-method> <!-- tearDown -->
      </class> <!-- testScripts.PlaceOrderTest -->
    </test> <!-- Default test -->
  </suite> <!-- Default suite -->
</testng-results>
