<?xml version="1.0" encoding="UTF-8"?>
<testng-results ignored="0" total="1" passed="0" failed="1" skipped="0">
  <reporter-output>
  </reporter-output>
  <suite started-at="2025-04-11T15:59:42 IST" name="Default suite" finished-at="2025-04-11T15:59:53 IST" duration-ms="10492">
    <groups>
      <group name="cucumber">
        <method signature="AbstractTestNGCucumberTests.runScenario(io.cucumber.testng.PickleWrapper,io.cucumber.testng.FeatureWrapper)[pri:0, instance:runners.BookSearchRunner@548a24a]" name="runScenario" class="io.cucumber.testng.AbstractTestNGCucumberTests"/>
      </group> <!-- cucumber -->
    </groups>
    <test started-at="2025-04-11T15:59:42 IST" name="Default test" finished-at="2025-04-11T15:59:53 IST" duration-ms="10492">
      <class name="runners.BookSearchRunner">
        <test-method is-config="true" signature="setUpClass(org.testng.ITestContext)[pri:0, instance:runners.BookSearchRunner@548a24a]" started-at="2025-04-11T15:59:42 IST" name="setUpClass" finished-at="2025-04-11T15:59:43 IST" duration-ms="958" status="PASS">
          <params>
            <param index="0">
              <value>
                <![CDATA[org.testng.TestRunner@254f906e]]>
              </value>
            </param>
          </params>
          <reporter-output>
          </reporter-output>
        </test-method> <!-- setUpClass -->
        <test-method signature="runScenario(io.cucumber.testng.PickleWrapper,io.cucumber.testng.FeatureWrapper)[pri:0, instance:runners.BookSearchRunner@548a24a]" started-at="2025-04-11T15:59:43 IST" name="runScenario" description="Runs Cucumber Scenarios" data-provider="scenarios" finished-at="2025-04-11T15:59:51 IST" duration-ms="7890" status="FAIL">
          <params>
            <param index="0">
              <value>
                <![CDATA["Valid Login Admin"]]>
              </value>
            </param>
            <param index="1">
              <value>
                <![CDATA["User Login Page"]]>
              </value>
            </param>
          </params>
          <exception class="java.lang.IndexOutOfBoundsException">
            <message>
              <![CDATA[Index: 0]]>
            </message>
            <full-stacktrace>
              <![CDATA[java.lang.IndexOutOfBoundsException: Index: 0
at java.base/java.util.Collections$EmptyList.get(Collections.java:4586)
at stepDefs.LoginPageStepDef.user_enters_credentials(LoginPageStepDef.java:79)
at ✽.User enters credentials(file:///C:/workspace/BDDSamples/./src/test/resources/features/UserLogin.feature:27)
]]>
            </full-stacktrace>
          </exception> <!-- java.lang.IndexOutOfBoundsException -->
          <reporter-output>
          </reporter-output>
        </test-method> <!-- runScenario -->
        <test-method is-config="true" signature="tearDownClass()[pri:0, instance:runners.BookSearchRunner@548a24a]" started-at="2025-04-11T15:59:51 IST" name="tearDownClass" finished-at="2025-04-11T15:59:53 IST" duration-ms="1570" status="PASS">
          <reporter-output>
          </reporter-output>
        </test-method> <!-- tearDownClass -->
      </class> <!-- runners.BookSearchRunner -->
    </test> <!-- Default test -->
  </suite> <!-- Default suite -->
</testng-results>
